Using pre-set license
Built from '2021.1/staging' branch; Version is '2021.1.6f1 (c0fade0cc7e9) revision 12647134'; Using compiler version '192528614'; Build Type 'Release'
OS: 'Windows 10 Pro; OS build 19041.985; Version 2004; 64bit' Language: 'ja' Physical Memory: 8109 MB
BatchMode: 1, IsHumanControllingUs: 0, StartBugReporterOnCrash: 0, Is64bit: 1, IsPro: 0

 COMMAND LINE ARGUMENTS:
C:\Program Files\Unity\Hub\Editor\2021.1.6f1\Editor\Unity.exe
-adb2
-batchMode
-noUpm
-name
AssetImportWorker0
-projectPath
C:/Users/Owner/Documents/GitHub/PointLine
-logFile
Logs/AssetImportWorker0.log
-srvPort
57706
Successfully changed project path to: C:/Users/Owner/Documents/GitHub/PointLine
C:/Users/Owner/Documents/GitHub/PointLine
Using Asset Import Pipeline V2.
Refreshing native plugins compatible for Editor in 110.14 ms, found 0 plugins.
Preloading 0 native plugins for Editor in 0.00 ms.
Initialize engine version: 2021.1.6f1 (c0fade0cc7e9)
[Subsystems] Discovering subsystems at path C:/Program Files/Unity/Hub/Editor/2021.1.6f1/Editor/Data/Resources/UnitySubsystems
[Subsystems] Discovering subsystems at path C:/Users/Owner/Documents/GitHub/PointLine/Assets
GfxDevice: creating device client; threaded=0; jobified=0
Direct3D:
    Version:  Direct3D 11.0 [level 11.1]
    Renderer: Intel(R) HD Graphics 620 (ID=0x5916)
    Vendor:   Intel
    VRAM:     4054 MB
    Driver:   27.20.100.8682
Initialize mono
Mono path[0] = 'C:/Program Files/Unity/Hub/Editor/2021.1.6f1/Editor/Data/Managed'
Mono path[1] = 'C:/Program Files/Unity/Hub/Editor/2021.1.6f1/Editor/Data/MonoBleedingEdge/lib/mono/unityjit'
Mono config path = 'C:/Program Files/Unity/Hub/Editor/2021.1.6f1/Editor/Data/MonoBleedingEdge/etc'
Using monoOptions --debugger-agent=transport=dt_socket,embedding=1,server=y,suspend=n,address=127.0.0.1:56040
Begin MonoManager ReloadAssembly
Registering precompiled unity dll's ...
Register platform support module: C:/Program Files/Unity/Hub/Editor/2021.1.6f1/Editor/Data/PlaybackEngines/WindowsStandaloneSupport/UnityEditor.WindowsStandalone.Extensions.dll
Registered in 0.008084 seconds.
Native extension for WindowsStandalone target not found
Refreshing native plugins compatible for Editor in 116.90 ms, found 0 plugins.
Preloading 0 native plugins for Editor in 0.00 ms.
Mono: successfully reloaded assembly
- Completed reload, in  3.286 seconds
Platform modules already initialized, skipping
Registering precompiled user dll's ...
Registered in 0.010743 seconds.
Begin MonoManager ReloadAssembly
Native extension for WindowsStandalone target not found
Refreshing native plugins compatible for Editor in 1.71 ms, found 0 plugins.
Preloading 0 native plugins for Editor in 0.00 ms.
Mono: successfully reloaded assembly
- Completed reload, in  5.858 seconds
Platform modules already initialized, skipping
========================================================================
Worker process is ready to serve import requests
Launched and connected shader compiler UnityShaderCompiler.exe after 0.14 seconds
Refreshing native plugins compatible for Editor in 1.22 ms, found 0 plugins.
Preloading 0 native plugins for Editor in 0.00 ms.
Unloading 1899 Unused Serialized files (Serialized files now loaded: 0)
System memory in use before: 85.4 MB.
System memory in use after: 85.5 MB.

Unloading 57 unused Assets to reduce memory usage. Loaded Objects now: 2323.
Total: 12.435300 ms (FindLiveObjects: 0.259200 ms CreateObjectMapping: 0.115200 ms MarkObjects: 11.893300 ms  DeleteObjects: 0.165500 ms)

========================================================================
Received Import Request.
  path: Assets/Scripts/Preference.cs
  artifactKey: Guid(cfec0cdc177f839408e5b157f83ec3ae) Importer(815301076,1909f56bfc062723c751e8b465ee728b)
Start importing Assets/Scripts/Preference.cs using Guid(cfec0cdc177f839408e5b157f83ec3ae) Importer(815301076,1909f56bfc062723c751e8b465ee728b)  -> (artifact id: '8047d12f84c1a7d6ad6c7752a0eedf71') in 0.291303 seconds 
========================================================================
Received Prepare
Registering precompiled user dll's ...
Registered in 0.008170 seconds.
Begin MonoManager ReloadAssembly
Native extension for WindowsStandalone target not found
Refreshing native plugins compatible for Editor in 1.37 ms, found 0 plugins.
Preloading 0 native plugins for Editor in 0.00 ms.
Mono: successfully reloaded assembly
- Completed reload, in  3.499 seconds
Platform modules already initialized, skipping
Refreshing native plugins compatible for Editor in 1.38 ms, found 0 plugins.
Preloading 0 native plugins for Editor in 0.00 ms.
Unloading 1894 Unused Serialized files (Serialized files now loaded: 0)
System memory in use before: 85.4 MB.
System memory in use after: 85.5 MB.

Unloading 48 unused Assets to reduce memory usage. Loaded Objects now: 2326.
Total: 15.498100 ms (FindLiveObjects: 0.308600 ms CreateObjectMapping: 0.187900 ms MarkObjects: 14.925400 ms  DeleteObjects: 0.073700 ms)

========================================================================
Received Prepare
Registering precompiled user dll's ...
Registered in 0.006870 seconds.
Begin MonoManager ReloadAssembly
Native extension for WindowsStandalone target not found
Refreshing native plugins compatible for Editor in 2.65 ms, found 0 plugins.
Preloading 0 native plugins for Editor in 0.00 ms.
Mono: successfully reloaded assembly
- Completed reload, in  3.512 seconds
Platform modules already initialized, skipping
Refreshing native plugins compatible for Editor in 1.45 ms, found 0 plugins.
Preloading 0 native plugins for Editor in 0.00 ms.
Unloading 1894 Unused Serialized files (Serialized files now loaded: 0)
System memory in use before: 85.4 MB.
System memory in use after: 85.6 MB.

Unloading 48 unused Assets to reduce memory usage. Loaded Objects now: 2329.
Total: 14.833700 ms (FindLiveObjects: 0.305500 ms CreateObjectMapping: 0.150000 ms MarkObjects: 14.310000 ms  DeleteObjects: 0.065500 ms)

========================================================================
Received Prepare
Registering precompiled user dll's ...
Registered in 0.015072 seconds.
Begin MonoManager ReloadAssembly
Native extension for WindowsStandalone target not found
Refreshing native plugins compatible for Editor in 1.53 ms, found 0 plugins.
Preloading 0 native plugins for Editor in 0.00 ms.
Mono: successfully reloaded assembly
- Completed reload, in  3.422 seconds
Platform modules already initialized, skipping
Refreshing native plugins compatible for Editor in 1.62 ms, found 0 plugins.
Preloading 0 native plugins for Editor in 0.00 ms.
Unloading 1894 Unused Serialized files (Serialized files now loaded: 0)
System memory in use before: 85.5 MB.
System memory in use after: 85.6 MB.

Unloading 48 unused Assets to reduce memory usage. Loaded Objects now: 2332.
Total: 16.626600 ms (FindLiveObjects: 0.345500 ms CreateObjectMapping: 0.162800 ms MarkObjects: 16.044300 ms  DeleteObjects: 0.071100 ms)

========================================================================
Received Import Request.
  Time since last request: 3339.329002 seconds.
  path: Assets/Scripts/Preference.cs
  artifactKey: Guid(cfec0cdc177f839408e5b157f83ec3ae) Importer(815301076,1909f56bfc062723c751e8b465ee728b)
Start importing Assets/Scripts/Preference.cs using Guid(cfec0cdc177f839408e5b157f83ec3ae) Importer(815301076,1909f56bfc062723c751e8b465ee728b)  -> (artifact id: '3291b5fcdc6f4e113d7d4e1cb75f71c9') in 0.016401 seconds 
========================================================================
Received Prepare
Registering precompiled user dll's ...
Registered in 0.008088 seconds.
Begin MonoManager ReloadAssembly
Native extension for WindowsStandalone target not found
Refreshing native plugins compatible for Editor in 0.87 ms, found 0 plugins.
Preloading 0 native plugins for Editor in 0.00 ms.
Mono: successfully reloaded assembly
- Completed reload, in  2.291 seconds
Platform modules already initialized, skipping
Refreshing native plugins compatible for Editor in 1.99 ms, found 0 plugins.
Preloading 0 native plugins for Editor in 0.00 ms.
Unloading 1894 Unused Serialized files (Serialized files now loaded: 0)
System memory in use before: 85.5 MB.
System memory in use after: 85.6 MB.

Unloading 48 unused Assets to reduce memory usage. Loaded Objects now: 2335.
Total: 17.544100 ms (FindLiveObjects: 0.331400 ms CreateObjectMapping: 0.242400 ms MarkObjects: 16.890700 ms  DeleteObjects: 0.076700 ms)

========================================================================
Received Import Request.
  Time since last request: 1645.669517 seconds.
  path: Assets/Scripts/Preference.cs
  artifactKey: Guid(cfec0cdc177f839408e5b157f83ec3ae) Importer(815301076,1909f56bfc062723c751e8b465ee728b)
Start importing Assets/Scripts/Preference.cs using Guid(cfec0cdc177f839408e5b157f83ec3ae) Importer(815301076,1909f56bfc062723c751e8b465ee728b)  -> (artifact id: '4b325bd906740995434beca27d114443') in 0.027088 seconds 
========================================================================
Received Prepare
Registering precompiled user dll's ...
Registered in 0.030066 seconds.
Begin MonoManager ReloadAssembly
Native extension for WindowsStandalone target not found
Refreshing native plugins compatible for Editor in 1.50 ms, found 0 plugins.
Preloading 0 native plugins for Editor in 0.00 ms.
Mono: successfully reloaded assembly
- Completed reload, in  3.736 seconds
Platform modules already initialized, skipping
Refreshing native plugins compatible for Editor in 1.50 ms, found 0 plugins.
Preloading 0 native plugins for Editor in 0.00 ms.
Unloading 1894 Unused Serialized files (Serialized files now loaded: 0)
System memory in use before: 85.5 MB.
System memory in use after: 85.6 MB.

Unloading 48 unused Assets to reduce memory usage. Loaded Objects now: 2338.
Total: 26.200800 ms (FindLiveObjects: 0.446900 ms CreateObjectMapping: 0.254900 ms MarkObjects: 25.386200 ms  DeleteObjects: 0.109300 ms)

AssetImportWorkerClient::OnTransportError - code=2 error=End of file
