Using pre-set license
Built from '2021.1/staging' branch; Version is '2021.1.6f1 (c0fade0cc7e9) revision 12647134'; Using compiler version '192528614'; Build Type 'Release'
OS: 'Windows 10 Pro; OS build 19041.1052; Version 2004; 64bit' Language: 'ja' Physical Memory: 8109 MB
BatchMode: 1, IsHumanControllingUs: 0, StartBugReporterOnCrash: 0, Is64bit: 1, IsPro: 0

 COMMAND LINE ARGUMENTS:
C:\Program Files\Unity\Hub\Editor\2021.1.6f1\Editor\Unity.exe
-adb2
-batchMode
-noUpm
-name
AssetImportWorker5
-projectPath
C:/Users/Owner/Documents/GitHub/PointLine
-logFile
Logs/AssetImportWorker5.log
-srvPort
59914
Successfully changed project path to: C:/Users/Owner/Documents/GitHub/PointLine
C:/Users/Owner/Documents/GitHub/PointLine
Using Asset Import Pipeline V2.
Refreshing native plugins compatible for Editor in 297.68 ms, found 0 plugins.
Preloading 0 native plugins for Editor in 0.00 ms.
Initialize engine version: 2021.1.6f1 (c0fade0cc7e9)
[Subsystems] Discovering subsystems at path C:/Program Files/Unity/Hub/Editor/2021.1.6f1/Editor/Data/Resources/UnitySubsystems
[Subsystems] Discovering subsystems at path C:/Users/Owner/Documents/GitHub/PointLine/Assets
GfxDevice: creating device client; threaded=0; jobified=0
Direct3D:
    Version:  Direct3D 11.0 [level 11.1]
    Renderer: Intel(R) HD Graphics 620 (ID=0x5916)
    Vendor:   Intel
    VRAM:     4054 MB
    Driver:   27.20.100.8682
Initialize mono
Mono path[0] = 'C:/Program Files/Unity/Hub/Editor/2021.1.6f1/Editor/Data/Managed'
Mono path[1] = 'C:/Program Files/Unity/Hub/Editor/2021.1.6f1/Editor/Data/MonoBleedingEdge/lib/mono/unityjit'
Mono config path = 'C:/Program Files/Unity/Hub/Editor/2021.1.6f1/Editor/Data/MonoBleedingEdge/etc'
Using monoOptions --debugger-agent=transport=dt_socket,embedding=1,server=y,suspend=n,address=127.0.0.1:56180
Begin MonoManager ReloadAssembly
Registering precompiled unity dll's ...
Register platform support module: C:/Program Files/Unity/Hub/Editor/2021.1.6f1/Editor/Data/PlaybackEngines/WindowsStandaloneSupport/UnityEditor.WindowsStandalone.Extensions.dll
Registered in 0.007052 seconds.
Native extension for WindowsStandalone target not found
Refreshing native plugins compatible for Editor in 138.82 ms, found 0 plugins.
Preloading 0 native plugins for Editor in 0.00 ms.
Mono: successfully reloaded assembly
- Completed reload, in  9.544 seconds
Platform modules already initialized, skipping
Registering precompiled user dll's ...
Registered in 0.026683 seconds.
Begin MonoManager ReloadAssembly
Native extension for WindowsStandalone target not found
Refreshing native plugins compatible for Editor in 2.37 ms, found 0 plugins.
Preloading 0 native plugins for Editor in 0.00 ms.
Mono: successfully reloaded assembly
- Completed reload, in  6.372 seconds
Platform modules already initialized, skipping
========================================================================
Worker process is ready to serve import requests
Launched and connected shader compiler UnityShaderCompiler.exe after 0.11 seconds
Refreshing native plugins compatible for Editor in 1.38 ms, found 0 plugins.
Preloading 0 native plugins for Editor in 0.00 ms.
Unloading 1900 Unused Serialized files (Serialized files now loaded: 0)
System memory in use before: 85.6 MB.
System memory in use after: 85.6 MB.

Unloading 57 unused Assets to reduce memory usage. Loaded Objects now: 2324.
Total: 20.555900 ms (FindLiveObjects: 0.654200 ms CreateObjectMapping: 0.182600 ms MarkObjects: 19.592900 ms  DeleteObjects: 0.123700 ms)

========================================================================
Received Import Request.
  path: Assets/Scripts/ClickOnPanel.cs
  artifactKey: Guid(5e28d34cd9637614f844b63a5150fc4d) Importer(815301076,1909f56bfc062723c751e8b465ee728b)
Start importing Assets/Scripts/ClickOnPanel.cs using Guid(5e28d34cd9637614f844b63a5150fc4d) Importer(815301076,1909f56bfc062723c751e8b465ee728b)  -> (artifact id: 'c8ef3b8505a00d5c9cd0bdc0e7caa562') in 0.490527 seconds 
========================================================================
Received Import Request.
  Time since last request: 0.000426 seconds.
  path: Assets/Scripts/Util.cs
  artifactKey: Guid(77d17072e80ae8c459c4dd2ac118bf85) Importer(815301076,1909f56bfc062723c751e8b465ee728b)
Start importing Assets/Scripts/Util.cs using Guid(77d17072e80ae8c459c4dd2ac118bf85) Importer(815301076,1909f56bfc062723c751e8b465ee728b)  -> (artifact id: '359dbafc3c5766bcc0f3d1c9b361cc73') in 0.008907 seconds 
========================================================================
Received Prepare
Registering precompiled user dll's ...
Registered in 0.018739 seconds.
Begin MonoManager ReloadAssembly
Native extension for WindowsStandalone target not found
Refreshing native plugins compatible for Editor in 1.72 ms, found 0 plugins.
Preloading 0 native plugins for Editor in 0.00 ms.
Mono: successfully reloaded assembly
- Completed reload, in  4.206 seconds
Platform modules already initialized, skipping
Refreshing native plugins compatible for Editor in 1.87 ms, found 0 plugins.
Preloading 0 native plugins for Editor in 0.00 ms.
Unloading 1894 Unused Serialized files (Serialized files now loaded: 0)
System memory in use before: 85.4 MB.
System memory in use after: 85.5 MB.

Unloading 48 unused Assets to reduce memory usage. Loaded Objects now: 2327.
Total: 16.089300 ms (FindLiveObjects: 0.303300 ms CreateObjectMapping: 0.140700 ms MarkObjects: 15.528000 ms  DeleteObjects: 0.114500 ms)

========================================================================
Received Import Request.
  Time since last request: 263.678849 seconds.
  path: Assets/Scripts/Util.cs
  artifactKey: Guid(77d17072e80ae8c459c4dd2ac118bf85) Importer(815301076,1909f56bfc062723c751e8b465ee728b)
Start importing Assets/Scripts/Util.cs using Guid(77d17072e80ae8c459c4dd2ac118bf85) Importer(815301076,1909f56bfc062723c751e8b465ee728b)  -> (artifact id: '2bda67bb09ae21aa9c0206bceeb539a9') in 0.018929 seconds 
========================================================================
Received Import Request.
  Time since last request: 13.865452 seconds.
  path: Assets/Scripts/AppMgr.cs
  artifactKey: Guid(98315f0d8bf2ffe45804606701ec9a2a) Importer(815301076,1909f56bfc062723c751e8b465ee728b)
Start importing Assets/Scripts/AppMgr.cs using Guid(98315f0d8bf2ffe45804606701ec9a2a) Importer(815301076,1909f56bfc062723c751e8b465ee728b)  -> (artifact id: '555373ddeb56557ccbb7c26d86c9d7bd') in 0.034393 seconds 
========================================================================
Received Prepare
Registering precompiled user dll's ...
Registered in 0.007430 seconds.
Begin MonoManager ReloadAssembly
Native extension for WindowsStandalone target not found
Refreshing native plugins compatible for Editor in 1.49 ms, found 0 plugins.
Preloading 0 native plugins for Editor in 0.00 ms.
Mono: successfully reloaded assembly
- Completed reload, in  3.826 seconds
Platform modules already initialized, skipping
Refreshing native plugins compatible for Editor in 1.69 ms, found 0 plugins.
Preloading 0 native plugins for Editor in 0.00 ms.
Unloading 1894 Unused Serialized files (Serialized files now loaded: 0)
System memory in use before: 85.4 MB.
System memory in use after: 85.6 MB.

Unloading 48 unused Assets to reduce memory usage. Loaded Objects now: 2330.
Total: 83.015300 ms (FindLiveObjects: 4.075100 ms CreateObjectMapping: 5.823000 ms MarkObjects: 72.968500 ms  DeleteObjects: 0.145300 ms)

========================================================================
Received Import Request.
  Time since last request: 392.598970 seconds.
  path: Assets/Scripts/AppMgr.cs
  artifactKey: Guid(98315f0d8bf2ffe45804606701ec9a2a) Importer(815301076,1909f56bfc062723c751e8b465ee728b)
Start importing Assets/Scripts/AppMgr.cs using Guid(98315f0d8bf2ffe45804606701ec9a2a) Importer(815301076,1909f56bfc062723c751e8b465ee728b)  -> (artifact id: '802f8bf286e60702c109706269da83e1') in 0.023461 seconds 
========================================================================
Received Prepare
Registering precompiled user dll's ...
Registered in 0.012134 seconds.
Begin MonoManager ReloadAssembly
Native extension for WindowsStandalone target not found
Refreshing native plugins compatible for Editor in 1.51 ms, found 0 plugins.
Preloading 0 native plugins for Editor in 0.00 ms.
Mono: successfully reloaded assembly
- Completed reload, in  3.785 seconds
Platform modules already initialized, skipping
Refreshing native plugins compatible for Editor in 1.53 ms, found 0 plugins.
Preloading 0 native plugins for Editor in 0.00 ms.
Unloading 1894 Unused Serialized files (Serialized files now loaded: 0)
System memory in use before: 85.5 MB.
System memory in use after: 85.6 MB.

Unloading 48 unused Assets to reduce memory usage. Loaded Objects now: 2333.
Total: 16.968000 ms (FindLiveObjects: 0.660500 ms CreateObjectMapping: 0.341100 ms MarkObjects: 15.863400 ms  DeleteObjects: 0.100000 ms)

========================================================================
Received Prepare
Registering precompiled user dll's ...
Registered in 0.016948 seconds.
Begin MonoManager ReloadAssembly
Native extension for WindowsStandalone target not found
Refreshing native plugins compatible for Editor in 1.16 ms, found 0 plugins.
Preloading 0 native plugins for Editor in 0.00 ms.
Mono: successfully reloaded assembly
- Completed reload, in  3.425 seconds
Platform modules already initialized, skipping
Refreshing native plugins compatible for Editor in 0.88 ms, found 0 plugins.
Preloading 0 native plugins for Editor in 0.00 ms.
Unloading 1894 Unused Serialized files (Serialized files now loaded: 0)
System memory in use before: 85.5 MB.
System memory in use after: 85.6 MB.

Unloading 48 unused Assets to reduce memory usage. Loaded Objects now: 2336.
Total: 55.279000 ms (FindLiveObjects: 0.301000 ms CreateObjectMapping: 0.167000 ms MarkObjects: 54.739900 ms  DeleteObjects: 0.068100 ms)

========================================================================
Received Import Request.
  Time since last request: 732.590511 seconds.
  path: Assets/Scripts/Module.cs
  artifactKey: Guid(fff511b65ef0d754bbb0afd3492e9e0b) Importer(815301076,1909f56bfc062723c751e8b465ee728b)
Start importing Assets/Scripts/Module.cs using Guid(fff511b65ef0d754bbb0afd3492e9e0b) Importer(815301076,1909f56bfc062723c751e8b465ee728b)  -> (artifact id: '8e8492c61fe528cebe6340e2b8fa7fe5') in 0.096816 seconds 
========================================================================
Received Prepare
Registering precompiled user dll's ...
Registered in 0.008543 seconds.
Begin MonoManager ReloadAssembly
Native extension for WindowsStandalone target not found
Refreshing native plugins compatible for Editor in 1.77 ms, found 0 plugins.
Preloading 0 native plugins for Editor in 0.00 ms.
Mono: successfully reloaded assembly
- Completed reload, in  3.436 seconds
Platform modules already initialized, skipping
Refreshing native plugins compatible for Editor in 1.52 ms, found 0 plugins.
Preloading 0 native plugins for Editor in 0.00 ms.
Unloading 1894 Unused Serialized files (Serialized files now loaded: 0)
System memory in use before: 85.5 MB.
System memory in use after: 85.6 MB.

Unloading 48 unused Assets to reduce memory usage. Loaded Objects now: 2339.
Total: 18.746500 ms (FindLiveObjects: 0.326700 ms CreateObjectMapping: 0.807100 ms MarkObjects: 17.547000 ms  DeleteObjects: 0.062500 ms)

========================================================================
Received Prepare
Registering precompiled user dll's ...
Registered in 0.023160 seconds.
Begin MonoManager ReloadAssembly
Native extension for WindowsStandalone target not found
Refreshing native plugins compatible for Editor in 3.51 ms, found 0 plugins.
Preloading 0 native plugins for Editor in 0.00 ms.
Mono: successfully reloaded assembly
- Completed reload, in  7.872 seconds
Platform modules already initialized, skipping
Refreshing native plugins compatible for Editor in 2.47 ms, found 0 plugins.
Preloading 0 native plugins for Editor in 0.00 ms.
Unloading 1894 Unused Serialized files (Serialized files now loaded: 0)
System memory in use before: 85.5 MB.
System memory in use after: 85.6 MB.

Unloading 48 unused Assets to reduce memory usage. Loaded Objects now: 2342.
Total: 20.524800 ms (FindLiveObjects: 0.296800 ms CreateObjectMapping: 0.258200 ms MarkObjects: 19.802300 ms  DeleteObjects: 0.163900 ms)

