Using pre-set license
Built from '2021.1/staging' branch; Version is '2021.1.6f1 (c0fade0cc7e9) revision 12647134'; Using compiler version '192528614'; Build Type 'Release'
OS: 'Windows 10 Pro; OS build 19041.1052; Version 2004; 64bit' Language: 'ja' Physical Memory: 8109 MB
BatchMode: 1, IsHumanControllingUs: 0, StartBugReporterOnCrash: 0, Is64bit: 1, IsPro: 0

 COMMAND LINE ARGUMENTS:
C:\Program Files\Unity\Hub\Editor\2021.1.6f1\Editor\Unity.exe
-adb2
-batchMode
-noUpm
-name
AssetImportWorker4
-projectPath
C:/Users/Owner/Documents/GitHub/PointLine
-logFile
Logs/AssetImportWorker4.log
-srvPort
59779
Successfully changed project path to: C:/Users/Owner/Documents/GitHub/PointLine
C:/Users/Owner/Documents/GitHub/PointLine
Using Asset Import Pipeline V2.
Refreshing native plugins compatible for Editor in 81.53 ms, found 0 plugins.
Preloading 0 native plugins for Editor in 0.00 ms.
Initialize engine version: 2021.1.6f1 (c0fade0cc7e9)
[Subsystems] Discovering subsystems at path C:/Program Files/Unity/Hub/Editor/2021.1.6f1/Editor/Data/Resources/UnitySubsystems
[Subsystems] Discovering subsystems at path C:/Users/Owner/Documents/GitHub/PointLine/Assets
GfxDevice: creating device client; threaded=0; jobified=0
Direct3D:
    Version:  Direct3D 11.0 [level 11.1]
    Renderer: Intel(R) HD Graphics 620 (ID=0x5916)
    Vendor:   Intel
    VRAM:     4054 MB
    Driver:   27.20.100.8682
Initialize mono
Mono path[0] = 'C:/Program Files/Unity/Hub/Editor/2021.1.6f1/Editor/Data/Managed'
Mono path[1] = 'C:/Program Files/Unity/Hub/Editor/2021.1.6f1/Editor/Data/MonoBleedingEdge/lib/mono/unityjit'
Mono config path = 'C:/Program Files/Unity/Hub/Editor/2021.1.6f1/Editor/Data/MonoBleedingEdge/etc'
Using monoOptions --debugger-agent=transport=dt_socket,embedding=1,server=y,suspend=n,address=127.0.0.1:56888
Begin MonoManager ReloadAssembly
Registering precompiled unity dll's ...
Register platform support module: C:/Program Files/Unity/Hub/Editor/2021.1.6f1/Editor/Data/PlaybackEngines/WindowsStandaloneSupport/UnityEditor.WindowsStandalone.Extensions.dll
Registered in 0.012860 seconds.
Native extension for WindowsStandalone target not found
Refreshing native plugins compatible for Editor in 82.25 ms, found 0 plugins.
Preloading 0 native plugins for Editor in 0.00 ms.
Mono: successfully reloaded assembly
- Completed reload, in  2.988 seconds
Platform modules already initialized, skipping
Registering precompiled user dll's ...
Registered in 0.010460 seconds.
Begin MonoManager ReloadAssembly
Native extension for WindowsStandalone target not found
Refreshing native plugins compatible for Editor in 1.19 ms, found 0 plugins.
Preloading 0 native plugins for Editor in 0.00 ms.
Mono: successfully reloaded assembly
- Completed reload, in  3.245 seconds
Platform modules already initialized, skipping
========================================================================
Worker process is ready to serve import requests
Launched and connected shader compiler UnityShaderCompiler.exe after 0.17 seconds
Refreshing native plugins compatible for Editor in 10.66 ms, found 0 plugins.
Preloading 0 native plugins for Editor in 0.00 ms.
Unloading 1900 Unused Serialized files (Serialized files now loaded: 0)
System memory in use before: 85.5 MB.
System memory in use after: 85.6 MB.

Unloading 57 unused Assets to reduce memory usage. Loaded Objects now: 2324.
Total: 13.417200 ms (FindLiveObjects: 0.486500 ms CreateObjectMapping: 0.240700 ms MarkObjects: 12.551400 ms  DeleteObjects: 0.136400 ms)

========================================================================
Received Import Request.
  path: Assets/Scripts/ClickOnPanel.cs
  artifactKey: Guid(5e28d34cd9637614f844b63a5150fc4d) Importer(815301076,1909f56bfc062723c751e8b465ee728b)
Start importing Assets/Scripts/ClickOnPanel.cs using Guid(5e28d34cd9637614f844b63a5150fc4d) Importer(815301076,1909f56bfc062723c751e8b465ee728b)  -> (artifact id: 'f2709d02dce4daafc8f223e4e113645d') in 0.175502 seconds 
========================================================================
Received Prepare
Registering precompiled user dll's ...
Registered in 0.008928 seconds.
Begin MonoManager ReloadAssembly
Native extension for WindowsStandalone target not found
Refreshing native plugins compatible for Editor in 0.84 ms, found 0 plugins.
Preloading 0 native plugins for Editor in 0.00 ms.
Mono: successfully reloaded assembly
- Completed reload, in  2.019 seconds
Platform modules already initialized, skipping
Refreshing native plugins compatible for Editor in 0.80 ms, found 0 plugins.
Preloading 0 native plugins for Editor in 0.00 ms.
Unloading 1894 Unused Serialized files (Serialized files now loaded: 0)
System memory in use before: 85.3 MB.
System memory in use after: 85.4 MB.

Unloading 48 unused Assets to reduce memory usage. Loaded Objects now: 2327.
Total: 10.040900 ms (FindLiveObjects: 1.060100 ms CreateObjectMapping: 0.596700 ms MarkObjects: 8.325500 ms  DeleteObjects: 0.056400 ms)

========================================================================
Received Prepare
Registering precompiled user dll's ...
Registered in 0.007680 seconds.
Begin MonoManager ReloadAssembly
Native extension for WindowsStandalone target not found
Refreshing native plugins compatible for Editor in 0.78 ms, found 0 plugins.
Preloading 0 native plugins for Editor in 0.00 ms.
Mono: successfully reloaded assembly
- Completed reload, in  2.055 seconds
Platform modules already initialized, skipping
Refreshing native plugins compatible for Editor in 0.82 ms, found 0 plugins.
Preloading 0 native plugins for Editor in 0.00 ms.
Unloading 1894 Unused Serialized files (Serialized files now loaded: 0)
System memory in use before: 85.4 MB.
System memory in use after: 85.5 MB.

Unloading 48 unused Assets to reduce memory usage. Loaded Objects now: 2330.
Total: 8.697100 ms (FindLiveObjects: 0.290600 ms CreateObjectMapping: 0.137600 ms MarkObjects: 8.182900 ms  DeleteObjects: 0.083700 ms)

========================================================================
Received Prepare
Registering precompiled user dll's ...
Registered in 0.011302 seconds.
Begin MonoManager ReloadAssembly
Native extension for WindowsStandalone target not found
Refreshing native plugins compatible for Editor in 0.73 ms, found 0 plugins.
Preloading 0 native plugins for Editor in 0.00 ms.
Mono: successfully reloaded assembly
- Completed reload, in  1.974 seconds
Platform modules already initialized, skipping
Refreshing native plugins compatible for Editor in 1.56 ms, found 0 plugins.
Preloading 0 native plugins for Editor in 0.00 ms.
Unloading 1894 Unused Serialized files (Serialized files now loaded: 0)
System memory in use before: 85.4 MB.
System memory in use after: 85.5 MB.

Unloading 48 unused Assets to reduce memory usage. Loaded Objects now: 2333.
Total: 11.148300 ms (FindLiveObjects: 0.339800 ms CreateObjectMapping: 0.469300 ms MarkObjects: 10.291100 ms  DeleteObjects: 0.046700 ms)

========================================================================
Received Prepare
Registering precompiled user dll's ...
Registered in 0.009716 seconds.
Begin MonoManager ReloadAssembly
Native extension for WindowsStandalone target not found
Refreshing native plugins compatible for Editor in 1.07 ms, found 0 plugins.
Preloading 0 native plugins for Editor in 0.00 ms.
Mono: successfully reloaded assembly
- Completed reload, in  2.180 seconds
Platform modules already initialized, skipping
Refreshing native plugins compatible for Editor in 0.72 ms, found 0 plugins.
Preloading 0 native plugins for Editor in 0.00 ms.
Unloading 1894 Unused Serialized files (Serialized files now loaded: 0)
System memory in use before: 85.4 MB.
System memory in use after: 85.5 MB.

Unloading 48 unused Assets to reduce memory usage. Loaded Objects now: 2336.
Total: 8.450700 ms (FindLiveObjects: 0.206700 ms CreateObjectMapping: 0.096500 ms MarkObjects: 8.110600 ms  DeleteObjects: 0.035200 ms)

========================================================================
Received Import Request.
  Time since last request: 2468.552274 seconds.
  path: Assets/Scripts/ClickOnPanel.cs
  artifactKey: Guid(5e28d34cd9637614f844b63a5150fc4d) Importer(815301076,1909f56bfc062723c751e8b465ee728b)
Start importing Assets/Scripts/ClickOnPanel.cs using Guid(5e28d34cd9637614f844b63a5150fc4d) Importer(815301076,1909f56bfc062723c751e8b465ee728b)  -> (artifact id: '378932d3c3857539425e29383a1e7b32') in 0.011883 seconds 
========================================================================
Received Prepare
Registering precompiled user dll's ...
Registered in 0.007258 seconds.
Begin MonoManager ReloadAssembly
Native extension for WindowsStandalone target not found
Refreshing native plugins compatible for Editor in 0.83 ms, found 0 plugins.
Preloading 0 native plugins for Editor in 0.00 ms.
Mono: successfully reloaded assembly
- Completed reload, in  1.784 seconds
Platform modules already initialized, skipping
Refreshing native plugins compatible for Editor in 0.72 ms, found 0 plugins.
Preloading 0 native plugins for Editor in 0.00 ms.
Unloading 1894 Unused Serialized files (Serialized files now loaded: 0)
System memory in use before: 85.4 MB.
System memory in use after: 85.5 MB.

Unloading 48 unused Assets to reduce memory usage. Loaded Objects now: 2339.
Total: 14.272600 ms (FindLiveObjects: 0.266900 ms CreateObjectMapping: 0.169500 ms MarkObjects: 13.777600 ms  DeleteObjects: 0.056200 ms)

========================================================================
Received Prepare
Registering precompiled user dll's ...
Registered in 0.006927 seconds.
Begin MonoManager ReloadAssembly
Native extension for WindowsStandalone target not found
Refreshing native plugins compatible for Editor in 0.93 ms, found 0 plugins.
Preloading 0 native plugins for Editor in 0.00 ms.
Mono: successfully reloaded assembly
- Completed reload, in  1.462 seconds
Platform modules already initialized, skipping
Refreshing native plugins compatible for Editor in 0.96 ms, found 0 plugins.
Preloading 0 native plugins for Editor in 0.00 ms.
Unloading 1894 Unused Serialized files (Serialized files now loaded: 0)
System memory in use before: 85.4 MB.
System memory in use after: 85.5 MB.

Unloading 48 unused Assets to reduce memory usage. Loaded Objects now: 2342.
Total: 12.918800 ms (FindLiveObjects: 0.226200 ms CreateObjectMapping: 0.101900 ms MarkObjects: 12.544600 ms  DeleteObjects: 0.044100 ms)

========================================================================
Received Import Request.
  Time since last request: 5167.191778 seconds.
  path: Assets/Resources/Icons/AddCircle.png
  artifactKey: Guid(4edd41dfa4c3b234095d0dff8cba9909) Importer(815301076,1909f56bfc062723c751e8b465ee728b)
Start importing Assets/Resources/Icons/AddCircle.png using Guid(4edd41dfa4c3b234095d0dff8cba9909) Importer(815301076,1909f56bfc062723c751e8b465ee728b)  -> (artifact id: '1987771ddefa14170e7cb01f67eb5e09') in 0.442599 seconds 
========================================================================
Received Import Request.
  Time since last request: 0.000290 seconds.
  path: Assets/Resources/Icons/AddPoint.png
  artifactKey: Guid(63fe4b70a490b8a40922a3a067b4a0a8) Importer(815301076,1909f56bfc062723c751e8b465ee728b)
Start importing Assets/Resources/Icons/AddPoint.png using Guid(63fe4b70a490b8a40922a3a067b4a0a8) Importer(815301076,1909f56bfc062723c751e8b465ee728b)  -> (artifact id: 'ba7e595a0fb7d9b9407b030f135a9ede') in 0.048467 seconds 
========================================================================
Received Import Request.
  Time since last request: 0.000237 seconds.
  path: Assets/Resources/Icons/Bisector.png
  artifactKey: Guid(7bdeacb1c8bf8684092a8762386db13a) Importer(815301076,1909f56bfc062723c751e8b465ee728b)
Start importing Assets/Resources/Icons/Bisector.png using Guid(7bdeacb1c8bf8684092a8762386db13a) Importer(815301076,1909f56bfc062723c751e8b465ee728b)  -> (artifact id: 'f603ee1a28774abad3664fb6dc8d1cd0') in 0.078477 seconds 
========================================================================
Received Import Request.
  Time since last request: 0.000581 seconds.
  path: Assets/Resources/Icons/DeleteLocus.png
  artifactKey: Guid(2727571ad23b1264aa5c6ee33a3bfc50) Importer(815301076,1909f56bfc062723c751e8b465ee728b)
Start importing Assets/Resources/Icons/DeleteLocus.png using Guid(2727571ad23b1264aa5c6ee33a3bfc50) Importer(815301076,1909f56bfc062723c751e8b465ee728b)  -> (artifact id: '0c9f1afda2a8f9d8371b0d269754b3b9') in 0.044893 seconds 
========================================================================
Received Import Request.
  Time since last request: 0.000428 seconds.
  path: Assets/Resources/Icons/HCircleLogMaterial.png
  artifactKey: Guid(033d9a4f8b768044fa69cc152759ab90) Importer(815301076,1909f56bfc062723c751e8b465ee728b)
Start importing Assets/Resources/Icons/HCircleLogMaterial.png using Guid(033d9a4f8b768044fa69cc152759ab90) Importer(815301076,1909f56bfc062723c751e8b465ee728b)  -> (artifact id: '1e7ca2e8693bc0f26446e2467cb59ecf') in 0.046660 seconds 
========================================================================
Received Import Request.
  Time since last request: 0.000253 seconds.
  path: Assets/Resources/Icons/FixPoint.png
  artifactKey: Guid(8fb306fc8dbcca047982aa878a71a91c) Importer(815301076,1909f56bfc062723c751e8b465ee728b)
Start importing Assets/Resources/Icons/FixPoint.png using Guid(8fb306fc8dbcca047982aa878a71a91c) Importer(815301076,1909f56bfc062723c751e8b465ee728b)  -> (artifact id: 'fc3f178af7034042965a02a01aa98229') in 0.038494 seconds 
========================================================================
Received Import Request.
  Time since last request: 0.000244 seconds.
  path: Assets/Resources/Icons/HLineLogMaterial.png
  artifactKey: Guid(7ad4fbe2ef1240745a6775536a04ec3f) Importer(815301076,1909f56bfc062723c751e8b465ee728b)
Start importing Assets/Resources/Icons/HLineLogMaterial.png using Guid(7ad4fbe2ef1240745a6775536a04ec3f) Importer(815301076,1909f56bfc062723c751e8b465ee728b)  -> (artifact id: '13899a66b9dfa19af642faa9686063fe') in 0.044771 seconds 
========================================================================
Received Import Request.
  Time since last request: 0.000254 seconds.
  path: Assets/Resources/Icons/ChangeLetter.png
  artifactKey: Guid(157a87bebdf65be48a07b1b26545c88a) Importer(815301076,1909f56bfc062723c751e8b465ee728b)
Start importing Assets/Resources/Icons/ChangeLetter.png using Guid(157a87bebdf65be48a07b1b26545c88a) Importer(815301076,1909f56bfc062723c751e8b465ee728b)  -> (artifact id: 'ad4a5d8088f92f268334c6812dc063e8') in 0.046816 seconds 
========================================================================
Received Import Request.
  Time since last request: 0.000247 seconds.
  path: Assets/Resources/Icons/AddLocus.png
  artifactKey: Guid(650500df1b420ff49aadaedc0baa12fc) Importer(815301076,1909f56bfc062723c751e8b465ee728b)
Start importing Assets/Resources/Icons/AddLocus.png using Guid(650500df1b420ff49aadaedc0baa12fc) Importer(815301076,1909f56bfc062723c751e8b465ee728b)  -> (artifact id: 'd48bd52b532d73e9f2e9ef876e58cac6') in 0.044781 seconds 
========================================================================
Received Import Request.
  Time since last request: 0.000268 seconds.
  path: Assets/Resources/Icons/DeletePoint.png
  artifactKey: Guid(6daf28f253fc1fb42aae14181add6dba) Importer(815301076,1909f56bfc062723c751e8b465ee728b)
Start importing Assets/Resources/Icons/DeletePoint.png using Guid(6daf28f253fc1fb42aae14181add6dba) Importer(815301076,1909f56bfc062723c751e8b465ee728b)  -> (artifact id: '1e19e25cd634d70cd24b120d1f6cd133') in 0.039012 seconds 
========================================================================
Received Import Request.
  Time since last request: 0.000251 seconds.
  path: Assets/Resources/Icons/DeleteAll.png
  artifactKey: Guid(8ebb58d47ec7de54e97c82bd1febd524) Importer(815301076,1909f56bfc062723c751e8b465ee728b)
Start importing Assets/Resources/Icons/DeleteAll.png using Guid(8ebb58d47ec7de54e97c82bd1febd524) Importer(815301076,1909f56bfc062723c751e8b465ee728b)  -> (artifact id: 'ef046d73742ed80e78d276a786db0920') in 0.038057 seconds 
========================================================================
Received Import Request.
  Time since last request: 0.000263 seconds.
  path: Assets/Resources/Icons/HModuleLogMaterial.png
  artifactKey: Guid(d3a54cd45cf2d644f9809ca9f7a27984) Importer(815301076,1909f56bfc062723c751e8b465ee728b)
Start importing Assets/Resources/Icons/HModuleLogMaterial.png using Guid(d3a54cd45cf2d644f9809ca9f7a27984) Importer(815301076,1909f56bfc062723c751e8b465ee728b)  -> (artifact id: 'cb5a79cf9425c0d145b95f9309205d03') in 0.042489 seconds 
========================================================================
Received Import Request.
  Time since last request: 0.000565 seconds.
  path: Assets/Resources/Icons/Cby3.png
  artifactKey: Guid(64b88be109190eb4bb3b7b55a1c3df19) Importer(815301076,1909f56bfc062723c751e8b465ee728b)
Start importing Assets/Resources/Icons/Cby3.png using Guid(64b88be109190eb4bb3b7b55a1c3df19) Importer(815301076,1909f56bfc062723c751e8b465ee728b)  -> (artifact id: '149241dfff14cc5b326d318a909e3987') in 0.044851 seconds 
========================================================================
Received Import Request.
  Time since last request: 0.000268 seconds.
  path: Assets/Resources/Icons/AddLine.png
  artifactKey: Guid(bdb6d842e986d35478eb5f69cca69381) Importer(815301076,1909f56bfc062723c751e8b465ee728b)
Start importing Assets/Resources/Icons/AddLine.png using Guid(bdb6d842e986d35478eb5f69cca69381) Importer(815301076,1909f56bfc062723c751e8b465ee728b)  -> (artifact id: 'b7968b9daf4f8148fac1c9e06ee0cb5d') in 0.038046 seconds 
========================================================================
Received Import Request.
  Time since last request: 0.000226 seconds.
  path: Assets/Resources/Icons/Angle.png
  artifactKey: Guid(8d332e4ecca94f74bbc842a2c3a38bba) Importer(815301076,1909f56bfc062723c751e8b465ee728b)
Start importing Assets/Resources/Icons/Angle.png using Guid(8d332e4ecca94f74bbc842a2c3a38bba) Importer(815301076,1909f56bfc062723c751e8b465ee728b)  -> (artifact id: 'c77dcb00811b60571f0a00183b246ae1') in 0.039320 seconds 
========================================================================
Received Import Request.
  Time since last request: 57.118162 seconds.
  path: Assets/Scripts/MenuButton.cs
  artifactKey: Guid(2166b44b8424560438fb38ae90083182) Importer(815301076,1909f56bfc062723c751e8b465ee728b)
Start importing Assets/Scripts/MenuButton.cs using Guid(2166b44b8424560438fb38ae90083182) Importer(815301076,1909f56bfc062723c751e8b465ee728b)  -> (artifact id: '3facd1715a070b430500c2dcd148f375') in 0.013650 seconds 
========================================================================
Received Prepare
Registering precompiled user dll's ...
Registered in 0.009362 seconds.
Begin MonoManager ReloadAssembly
Native extension for WindowsStandalone target not found
Refreshing native plugins compatible for Editor in 0.97 ms, found 0 plugins.
Preloading 0 native plugins for Editor in 0.00 ms.
Mono: successfully reloaded assembly
- Completed reload, in  1.832 seconds
Platform modules already initialized, skipping
Refreshing native plugins compatible for Editor in 0.75 ms, found 0 plugins.
Preloading 0 native plugins for Editor in 0.00 ms.
Unloading 1909 Unused Serialized files (Serialized files now loaded: 0)
System memory in use before: 96.3 MB.
System memory in use after: 96.5 MB.

Unloading 48 unused Assets to reduce memory usage. Loaded Objects now: 2580.
Total: 10.432300 ms (FindLiveObjects: 0.240500 ms CreateObjectMapping: 0.108200 ms MarkObjects: 10.031400 ms  DeleteObjects: 0.050400 ms)

========================================================================
Received Prepare
Registering precompiled user dll's ...
Registered in 0.015414 seconds.
Begin MonoManager ReloadAssembly
Native extension for WindowsStandalone target not found
Refreshing native plugins compatible for Editor in 1.28 ms, found 0 plugins.
Preloading 0 native plugins for Editor in 0.00 ms.
Mono: successfully reloaded assembly
- Completed reload, in  3.162 seconds
Platform modules already initialized, skipping
Refreshing native plugins compatible for Editor in 1.09 ms, found 0 plugins.
Preloading 0 native plugins for Editor in 0.00 ms.
Unloading 1894 Unused Serialized files (Serialized files now loaded: 0)
System memory in use before: 95.8 MB.
System memory in use after: 95.9 MB.

Unloading 48 unused Assets to reduce memory usage. Loaded Objects now: 2583.
Total: 12.752700 ms (FindLiveObjects: 0.257300 ms CreateObjectMapping: 0.099200 ms MarkObjects: 12.350800 ms  DeleteObjects: 0.043500 ms)

========================================================================
Received Prepare
Registering precompiled user dll's ...
Registered in 0.007599 seconds.
Begin MonoManager ReloadAssembly
Native extension for WindowsStandalone target not found
Refreshing native plugins compatible for Editor in 0.79 ms, found 0 plugins.
Preloading 0 native plugins for Editor in 0.00 ms.
Mono: successfully reloaded assembly
- Completed reload, in  1.695 seconds
Platform modules already initialized, skipping
Refreshing native plugins compatible for Editor in 0.72 ms, found 0 plugins.
Preloading 0 native plugins for Editor in 0.00 ms.
Unloading 1894 Unused Serialized files (Serialized files now loaded: 0)
System memory in use before: 95.8 MB.
System memory in use after: 95.9 MB.

Unloading 48 unused Assets to reduce memory usage. Loaded Objects now: 2586.
Total: 7.933900 ms (FindLiveObjects: 0.237400 ms CreateObjectMapping: 0.083000 ms MarkObjects: 7.576400 ms  DeleteObjects: 0.035800 ms)

AssetImportWorkerClient::OnTransportError - code=2 error=End of file
